[debug] [2021-03-11T11:24:51.491Z] ----------------------------------------------------------------------
[debug] [2021-03-11T11:24:51.493Z] Command:       C:\Program Files\nodejs\node.exe C:\Users\deepa\AppData\Roaming\npm\node_modules\firebase-tools\lib\bin\firebase.js deploy
[debug] [2021-03-11T11:24:51.494Z] CLI Version:   9.5.0
[debug] [2021-03-11T11:24:51.494Z] Platform:      win32
[debug] [2021-03-11T11:24:51.494Z] Node Version:  v14.16.0
[debug] [2021-03-11T11:24:51.498Z] Time:          Thu Mar 11 2021 16:54:51 GMT+0530 (India Standard Time)
[debug] [2021-03-11T11:24:51.499Z] ----------------------------------------------------------------------
[debug] [2021-03-11T11:24:51.499Z] 
[debug] [2021-03-11T11:24:51.511Z] > command requires scopes: ["email","openid","https://www.googleapis.com/auth/cloudplatformprojects.readonly","https://www.googleapis.com/auth/firebase","https://www.googleapis.com/auth/cloud-platform"]
[debug] [2021-03-11T11:24:51.511Z] > authorizing via signed-in user
[debug] [2021-03-11T11:24:51.512Z] [iam] checking project clone-71650 for permissions ["firebase.projects.get","firebasehosting.sites.update"]
[debug] [2021-03-11T11:24:51.515Z] > refreshing access token with scopes: ["email","https://www.googleapis.com/auth/cloud-platform","https://www.googleapis.com/auth/cloudplatformprojects.readonly","https://www.googleapis.com/auth/firebase","openid"]
[debug] [2021-03-11T11:24:51.516Z] >>> HTTP REQUEST POST https://www.googleapis.com/oauth2/v3/token  
 <request body omitted>
[debug] [2021-03-11T11:24:51.795Z] <<< HTTP RESPONSE 200 {"pragma":"no-cache","date":"Thu, 11 Mar 2021 11:24:52 GMT","cache-control":"no-cache, no-store, max-age=0, must-revalidate","expires":"Mon, 01 Jan 1990 00:00:00 GMT","content-type":"application/json; charset=utf-8","vary":"X-Origin, Referer, Origin,Accept-Encoding","server":"scaffolding on HTTPServer2","x-xss-protection":"0","x-frame-options":"SAMEORIGIN","x-content-type-options":"nosniff","alt-svc":"h3-29=\":443\"; ma=2592000,h3-T051=\":443\"; ma=2592000,h3-Q050=\":443\"; ma=2592000,h3-Q046=\":443\"; ma=2592000,h3-Q043=\":443\"; ma=2592000,quic=\":443\"; ma=2592000; v=\"46,43\"","accept-ranges":"none","transfer-encoding":"chunked"}
[debug] [2021-03-11T11:24:51.805Z] >>> HTTP REQUEST POST https://cloudresourcemanager.googleapis.com/v1/projects/clone-71650:testIamPermissions  
 {"permissions":["firebase.projects.get","firebasehosting.sites.update"]}
[debug] [2021-03-11T11:24:53.476Z] <<< HTTP RESPONSE 200 {"content-type":"application/json; charset=UTF-8","vary":"X-Origin, Referer, Origin,Accept-Encoding","date":"Thu, 11 Mar 2021 11:24:53 GMT","server":"ESF","cache-control":"private","x-xss-protection":"0","x-frame-options":"SAMEORIGIN","x-content-type-options":"nosniff","server-timing":"gfet4t7; dur=1493","alt-svc":"h3-29=\":443\"; ma=2592000,h3-T051=\":443\"; ma=2592000,h3-Q050=\":443\"; ma=2592000,h3-Q046=\":443\"; ma=2592000,h3-Q043=\":443\"; ma=2592000,quic=\":443\"; ma=2592000; v=\"46,43\"","accept-ranges":"none","transfer-encoding":"chunked"}
[debug] [2021-03-11T11:24:53.477Z] [iam] error while checking permissions, command may fail: FirebaseError: Authorization failed. This account is missing the following required permissions on project clone-71650:

  firebase.projects.get
  firebasehosting.sites.update
[debug] [2021-03-11T11:24:53.479Z] > refreshing access token with scopes: []
[debug] [2021-03-11T11:24:53.479Z] >>> HTTP REQUEST POST https://www.googleapis.com/oauth2/v3/token  
 <request body omitted>
[debug] [2021-03-11T11:24:53.661Z] <<< HTTP RESPONSE 200 {"expires":"Mon, 01 Jan 1990 00:00:00 GMT","pragma":"no-cache","cache-control":"no-cache, no-store, max-age=0, must-revalidate","date":"Thu, 11 Mar 2021 11:24:54 GMT","content-type":"application/json; charset=utf-8","vary":"X-Origin, Referer, Origin,Accept-Encoding","server":"scaffolding on HTTPServer2","x-xss-protection":"0","x-frame-options":"SAMEORIGIN","x-content-type-options":"nosniff","alt-svc":"h3-29=\":443\"; ma=2592000,h3-T051=\":443\"; ma=2592000,h3-Q050=\":443\"; ma=2592000,h3-Q046=\":443\"; ma=2592000,h3-Q043=\":443\"; ma=2592000,quic=\":443\"; ma=2592000; v=\"46,43\"","accept-ranges":"none","transfer-encoding":"chunked"}
[debug] [2021-03-11T11:24:53.672Z] >>> [apiv2][query] GET https://firebase.googleapis.com/v1beta1/projects/clone-71650 [none]
[debug] [2021-03-11T11:24:54.159Z] <<< [apiv2][status] GET https://firebase.googleapis.com/v1beta1/projects/clone-71650 403
[debug] [2021-03-11T11:24:54.159Z] <<< [apiv2][body] GET https://firebase.googleapis.com/v1beta1/projects/clone-71650 {"error":{"code":403,"message":"The caller does not have permission","status":"PERMISSION_DENIED"}}
[debug] [2021-03-11T11:24:54.160Z] HTTP Error: 403, The caller does not have permission
[debug] [2021-03-11T11:24:54.346Z] FirebaseError: HTTP Error: 403, The caller does not have permission
    at module.exports (C:\Users\deepa\AppData\Roaming\npm\node_modules\firebase-tools\lib\responseToError.js:38:12)
    at Client.doRequest (C:\Users\deepa\AppData\Roaming\npm\node_modules\firebase-tools\lib\apiv2.js:238:23)
    at processTicksAndRejections (internal/process/task_queues.js:93:5)
    at async Client.request (C:\Users\deepa\AppData\Roaming\npm\node_modules\firebase-tools\lib\apiv2.js:96:20)
    at async Object.getFirebaseProject (C:\Users\deepa\AppData\Roaming\npm\node_modules\firebase-tools\lib\management\projects.js:289:21)
    at async Object.getDefaultHostingSite (C:\Users\deepa\AppData\Roaming\npm\node_modules\firebase-tools\lib\getDefaultHostingSite.js:8:21)
    at async requireHostingSite (C:\Users\deepa\AppData\Roaming\npm\node_modules\firebase-tools\lib\requireHostingSite.js:9:18)
    at async Object.fn (C:\Users\deepa\AppData\Roaming\npm\node_modules\firebase-tools\lib\commands\deploy.js:66:9)
    at async C:\Users\deepa\AppData\Roaming\npm\node_modules\firebase-tools\lib\command.js:161:17
[error] 
[error] Error: Failed to get Firebase project clone-71650. Please make sure the project exists and your account has permission to access it.
[debug] [2021-03-11T11:25:31.413Z] ----------------------------------------------------------------------
[debug] [2021-03-11T11:25:31.418Z] Command:       C:\Program Files\nodejs\node.exe C:\Users\deepa\AppData\Roaming\npm\node_modules\firebase-tools\lib\bin\firebase.js init
[debug] [2021-03-11T11:25:31.419Z] CLI Version:   9.5.0
[debug] [2021-03-11T11:25:31.419Z] Platform:      win32
[debug] [2021-03-11T11:25:31.419Z] Node Version:  v14.16.0
[debug] [2021-03-11T11:25:31.421Z] Time:          Thu Mar 11 2021 16:55:31 GMT+0530 (India Standard Time)
[debug] [2021-03-11T11:25:31.422Z] ----------------------------------------------------------------------
[debug] [2021-03-11T11:25:31.422Z] 
[debug] [2021-03-11T11:25:31.434Z] > command requires scopes: ["email","openid","https://www.googleapis.com/auth/cloudplatformprojects.readonly","https://www.googleapis.com/auth/firebase","https://www.googleapis.com/auth/cloud-platform"]
[debug] [2021-03-11T11:25:31.435Z] > authorizing via signed-in user
[info] 
     ######## #### ########  ######## ########     ###     ######  ########
     ##        ##  ##     ## ##       ##     ##  ##   ##  ##       ##
     ######    ##  ########  ######   ########  #########  ######  ######
     ##        ##  ##    ##  ##       ##     ## ##     ##       ## ##
     ##       #### ##     ## ######## ########  ##     ##  ######  ########

You're about to initialize a Firebase project in this directory:

  C:\React\amazon-clone

Before we get started, keep in mind:

  * You are currently outside your home directory
  * You are initializing in an existing Firebase project directory

[info] 
=== Project Setup
[info] 
[info] First, let's associate this project directory with a Firebase project.
[info] You can create multiple project aliases by running firebase use --add, 
[info] but for now we'll just set up a default project.
[info] 
[info] i  .firebaserc already has a default project, using clone-71650. 
[debug] [2021-03-11T11:25:36.527Z] >>> [apiv2][query] GET https://firebase.googleapis.com/v1beta1/projects/clone-71650 [none]
[debug] [2021-03-11T11:25:37.064Z] <<< [apiv2][status] GET https://firebase.googleapis.com/v1beta1/projects/clone-71650 403
[debug] [2021-03-11T11:25:37.064Z] <<< [apiv2][body] GET https://firebase.googleapis.com/v1beta1/projects/clone-71650 {"error":{"code":403,"message":"The caller does not have permission","status":"PERMISSION_DENIED"}}
[debug] [2021-03-11T11:25:37.065Z] HTTP Error: 403, The caller does not have permission
[debug] [2021-03-11T11:25:37.254Z] FirebaseError: HTTP Error: 403, The caller does not have permission
    at module.exports (C:\Users\deepa\AppData\Roaming\npm\node_modules\firebase-tools\lib\responseToError.js:38:12)
    at Client.doRequest (C:\Users\deepa\AppData\Roaming\npm\node_modules\firebase-tools\lib\apiv2.js:238:23)
    at processTicksAndRejections (internal/process/task_queues.js:93:5)
    at async Client.request (C:\Users\deepa\AppData\Roaming\npm\node_modules\firebase-tools\lib\apiv2.js:96:20)
    at async Object.getFirebaseProject (C:\Users\deepa\AppData\Roaming\npm\node_modules\firebase-tools\lib\management\projects.js:289:21)
    at async Object.doSetup [as project] (C:\Users\deepa\AppData\Roaming\npm\node_modules\firebase-tools\lib\init\features\project.js:77:27)
    at async init (C:\Users\deepa\AppData\Roaming\npm\node_modules\firebase-tools\lib\init\index.js:19:9)
[error] 
[error] Error: Failed to get Firebase project clone-71650. Please make sure the project exists and your account has permission to access it.
